<?xml version="1.0" encoding="UTF-8"?>
<testng-results total="1" passed="1" failed="0" skipped="0">
  <reporter-output>
  </reporter-output>
  <suite started-at="2020-12-26T17:24:38Z" name="Default suite" finished-at="2020-12-26T17:25:09Z" duration-ms="31373">
    <groups>
    </groups>
    <test started-at="2020-12-26T17:24:38Z" name="Default test" finished-at="2020-12-26T17:25:09Z" duration-ms="31373">
      <class name="ninja.Test.TC1">
        <test-method is-config="true" signature="initializeDriver()[pri:0, instance:ninja.Test.TC1@201a4587]" started-at="2020-12-26T22:54:38Z" name="initializeDriver" finished-at="2020-12-26T22:54:52Z" duration-ms="14002" status="PASS">
          <reporter-output>
          </reporter-output>
        </test-method> <!-- initializeDriver -->
        <test-method signature="SignInAndValidateAccountName()[pri:0, instance:ninja.Test.TC1@201a4587]" started-at="2020-12-26T22:54:52Z" name="SignInAndValidateAccountName" finished-at="2020-12-26T22:55:08Z" duration-ms="16358" status="PASS">
          <reporter-output>
          </reporter-output>
        </test-method> <!-- SignInAndValidateAccountName -->
        <test-method is-config="true" signature="Quitdriver()[pri:0, instance:ninja.Test.TC1@201a4587]" started-at="2020-12-26T22:55:08Z" name="Quitdriver" finished-at="2020-12-26T22:55:09Z" duration-ms="972" status="PASS">
          <reporter-output>
          </reporter-output>
        </test-method> <!-- Quitdriver -->
      </class> <!-- ninja.Test.TC1 -->
    </test> <!-- Default test -->
  </suite> <!-- Default suite -->
</testng-results>
